<?xml version="1.0" encoding="UTF-8"?>
<!-- Generated by org.testng.reporters.JUnitReportReporter -->
<testsuite hostname="DESKTOP-DC3TDDU" failures="0" tests="2" name="August_8th_2021.TC01_Skills_DataProvider2" time="56.192" errors="0" timestamp="2021-08-12T10:12:11 IST" skipped="0">
  <testcase classname="August_8th_2021.TC01_Skills_DataProvider2" name="loginTest" time="35.117"/>
  <system-out/>
  <testcase classname="August_8th_2021.TC01_Skills_DataProvider2" name="loginTest" time="21.075"/>
  <system-out/>
</testsuite> <!-- August_8th_2021.TC01_Skills_DataProvider2 -->
