<?xml version="1.0" encoding="UTF-8"?>
<!-- Generated by org.testng.reporters.JUnitReportReporter -->
<testsuite hostname="DESKTOP-DC3TDDU" failures="0" tests="3" name="August_8th_2021.TC01_Nationality_DataProvider2" time="57.804" errors="0" timestamp="2021-08-12T09:56:21 IST" skipped="0">
  <testcase classname="August_8th_2021.TC01_Nationality_DataProvider2" name="loginTest" time="16.400"/>
  <system-out/>
  <testcase classname="August_8th_2021.TC01_Nationality_DataProvider2" name="loginTest" time="18.866"/>
  <system-out/>
  <testcase classname="August_8th_2021.TC01_Nationality_DataProvider2" name="loginTest" time="22.538"/>
  <system-out/>
</testsuite> <!-- August_8th_2021.TC01_Nationality_DataProvider2 -->
