<?xml version="1.0" encoding="UTF-8"?>
<!-- Generated by org.testng.reporters.JUnitReportReporter -->
<testsuite hostname="DESKTOP-DC3TDDU" failures="0" tests="1" name="August_13_DataProvider.TEst1" time="0.011" errors="0" timestamp="2021-08-13T10:18:42 IST" skipped="0">
  <testcase classname="August_13_DataProvider.TEst1" name="Test5" time="0.011"/>
  <system-out/>
</testsuite> <!-- August_13_DataProvider.TEst1 -->
