<?xml version="1.0" encoding="UTF-8"?>
<!-- Generated by org.testng.reporters.JUnitReportReporter -->
<testsuite hostname="DESKTOP-DC3TDDU" failures="0" tests="3" name="August_8th_2021.TC01_Skills_DataProvider1" time="94.670" errors="0" timestamp="2021-08-12T10:18:48 IST" skipped="0">
  <testcase classname="August_8th_2021.TC01_Skills_DataProvider1" name="loginTest" time="47.724"/>
  <system-out/>
  <testcase classname="August_8th_2021.TC01_Skills_DataProvider1" name="loginTest" time="27.366"/>
  <system-out/>
  <testcase classname="August_8th_2021.TC01_Skills_DataProvider1" name="loginTest" time="19.580"/>
  <system-out/>
</testsuite> <!-- August_8th_2021.TC01_Skills_DataProvider1 -->
