<?xml version="1.0" encoding="UTF-8"?>
<!-- Generated by org.testng.reporters.JUnitReportReporter -->
<testsuite hostname="DESKTOP-DC3TDDU" failures="0" tests="3" name="August_13_DataProvider.TC01_Skills_Excel" time="113.666" errors="0" timestamp="2021-08-13T09:37:24 IST" skipped="0">
  <testcase classname="August_13_DataProvider.TC01_Skills_Excel" name="loginTest" time="42.929"/>
  <system-out/>
  <testcase classname="August_13_DataProvider.TC01_Skills_Excel" name="loginTest" time="35.329"/>
  <system-out/>
  <testcase classname="August_13_DataProvider.TC01_Skills_Excel" name="loginTest" time="35.408"/>
  <system-out/>
</testsuite> <!-- August_13_DataProvider.TC01_Skills_Excel -->
