<?xml version="1.0" encoding="UTF-8"?>
<!-- Generated by org.testng.reporters.JUnitReportReporter -->
<testsuite hostname="DESKTOP-DC3TDDU" failures="0" tests="1" name="August_8th_2021.TC01_Login" time="62.099" errors="0" timestamp="2021-08-11T09:16:35 IST" skipped="0">
  <testcase classname="August_8th_2021.TC01_Login" name="loginTest" time="62.099"/>
  <system-out/>
</testsuite> <!-- August_8th_2021.TC01_Login -->
