<?xml version="1.0" encoding="UTF-8"?>
<!-- Generated by org.testng.reporters.JUnitReportReporter -->
<testsuite hostname="DESKTOP-DC3TDDU" failures="0" tests="3" name="August_13_DataProvider.TC01_Skills" time="85.804" errors="0" timestamp="2021-08-13T09:18:29 IST" skipped="0">
  <testcase classname="August_13_DataProvider.TC01_Skills" name="loginTest" time="33.656"/>
  <system-out/>
  <testcase classname="August_13_DataProvider.TC01_Skills" name="loginTest" time="18.092"/>
  <system-out/>
  <testcase classname="August_13_DataProvider.TC01_Skills" name="loginTest" time="34.056"/>
  <system-out/>
</testsuite> <!-- August_13_DataProvider.TC01_Skills -->
