<?xml version="1.0" encoding="UTF-8"?>
<!-- Generated by org.testng.reporters.JUnitReportReporter -->
<testsuite hostname="DESKTOP-DC3TDDU" failures="0" tests="3" name="Day_006_TestNG_DataProvider_Lab2.OrangeHRM_DataProvider_Lab1" time="103.594" errors="0" timestamp="2021-08-13T09:31:42 IST" skipped="0">
  <testcase classname="Day_006_TestNG_DataProvider_Lab2.OrangeHRM_DataProvider_Lab1" name="Test1" time="34.040"/>
  <system-out/>
  <testcase classname="Day_006_TestNG_DataProvider_Lab2.OrangeHRM_DataProvider_Lab1" name="Test1" time="34.845"/>
  <system-out/>
  <testcase classname="Day_006_TestNG_DataProvider_Lab2.OrangeHRM_DataProvider_Lab1" name="Test1" time="34.709"/>
  <system-out/>
</testsuite> <!-- Day_006_TestNG_DataProvider_Lab2.OrangeHRM_DataProvider_Lab1 -->
