<?xml version="1.0" encoding="UTF-8"?>
<!-- Generated by org.testng.reporters.JUnitReportReporter -->
<testsuite hostname="DESKTOP-DC3TDDU" failures="0" tests="1" name="Day_004_Dropdown.Listbox2" time="32.577" errors="0" timestamp="2021-08-12T09:26:18 IST" skipped="0">
  <testcase classname="Day_004_Dropdown.Listbox2" name="Test1" time="32.577"/>
  <system-out/>
</testsuite> <!-- Day_004_Dropdown.Listbox2 -->
