<?xml version="1.0" encoding="UTF-8"?>
<!-- Generated by org.testng.reporters.JUnitReportReporter -->
<testsuite hostname="DESKTOP-DC3TDDU" failures="0" tests="1" name="A1_Day01.TC01_Add_jobs_Methods_Static" time="16.182" errors="0" timestamp="2021-08-07T10:01:48 IST" skipped="0">
  <testcase classname="A1_Day01.TC01_Add_jobs_Methods_Static" name="Add_jobs_Test" time="16.182"/>
  <system-out/>
</testsuite> <!-- A1_Day01.TC01_Add_jobs_Methods_Static -->
