<?xml version="1.0" encoding="UTF-8"?>
<!-- Generated by org.testng.reporters.JUnitReportReporter -->
<testsuite hostname="DESKTOP-DC3TDDU" failures="0" tests="1" name="Day_002_Java.TC01_Login" time="12.584" errors="0" timestamp="2021-06-05T11:12:42 IST" skipped="0">
  <testcase classname="Day_002_Java.TC01_Login" name="Login_Test" time="12.584"/>
  <system-out/>
</testsuite> <!-- Day_002_Java.TC01_Login -->
