<?xml version="1.0" encoding="UTF-8"?>
<!-- Generated by org.testng.reporters.JUnitReportReporter -->
<testsuite hostname="DESKTOP-DC3TDDU" failures="0" tests="1" name="Day_003_Locators.TC08_tagName" time="8.229" errors="0" timestamp="2021-08-11T10:02:06 IST" skipped="0">
  <testcase classname="Day_003_Locators.TC08_tagName" name="Test2" time="8.229"/>
  <system-out/>
</testsuite> <!-- Day_003_Locators.TC08_tagName -->
