<?xml version="1.0" encoding="UTF-8"?>
<!-- Generated by org.testng.reporters.JUnitReportReporter -->
<testsuite hostname="DESKTOP-DC3TDDU" failures="0" tests="3" name="August_8th_2021.TC01_Nationality_DataProvider" time="96.515" errors="0" timestamp="2021-08-12T09:36:29 IST" skipped="0">
  <testcase classname="August_8th_2021.TC01_Nationality_DataProvider" name="loginTest" time="22.683"/>
  <system-out/>
  <testcase classname="August_8th_2021.TC01_Nationality_DataProvider" name="loginTest" time="18.288"/>
  <system-out/>
  <testcase classname="August_8th_2021.TC01_Nationality_DataProvider" name="loginTest" time="55.544"/>
  <system-out/>
</testsuite> <!-- August_8th_2021.TC01_Nationality_DataProvider -->
