<?xml version="1.0" encoding="UTF-8"?>
<!-- Generated by org.testng.reporters.JUnitReportReporter -->
<testsuite hostname="DESKTOP-DC3TDDU" failures="0" tests="1" name="A1_Day01.TC01_Add_jobs_Methods" time="15.715" errors="0" timestamp="2021-08-07T09:50:37 IST" skipped="0">
  <testcase classname="A1_Day01.TC01_Add_jobs_Methods" name="Add_jobs_Test" time="15.715"/>
  <system-out/>
</testsuite> <!-- A1_Day01.TC01_Add_jobs_Methods -->
