<?xml version="1.0" encoding="UTF-8"?>
<!-- Generated by org.testng.reporters.JUnitReportReporter -->
<testsuite hostname="DESKTOP-DC3TDDU" failures="0" tests="1" name="Day_009_Extent_Reports.ExtentReport_Test" time="11.749" errors="0" timestamp="2021-08-17T09:37:29 IST" skipped="0">
  <testcase classname="Day_009_Extent_Reports.ExtentReport_Test" name="Report3_Test" time="11.749"/>
  <system-out/>
</testsuite> <!-- Day_009_Extent_Reports.ExtentReport_Test -->
