<?xml version="1.0" encoding="UTF-8"?>
<!-- Generated by org.testng.reporters.JUnitReportReporter -->
<testsuite hostname="DESKTOP-DC3TDDU" failures="0" tests="1" name="Day_023_File_Upload_Download.TC05_DeleteFile" time="51.831" errors="0" timestamp="2021-08-24T09:57:33 IST" skipped="0">
  <testcase classname="Day_023_File_Upload_Download.TC05_DeleteFile" name="File_Download" time="51.831"/>
  <system-out/>
</testsuite> <!-- Day_023_File_Upload_Download.TC05_DeleteFile -->
