<?xml version="1.0" encoding="UTF-8"?>
<!-- Generated by org.testng.reporters.JUnitReportReporter -->
<testsuite hostname="DESKTOP-DC3TDDU" failures="0" tests="1" name="Day_020_Multiple_Windows.TC01_Open_Three_Tabs" time="10.544" errors="0" timestamp="2021-08-21T09:37:58 IST" skipped="0">
  <testcase classname="Day_020_Multiple_Windows.TC01_Open_Three_Tabs" name="Login_Test" time="10.544"/>
  <system-out/>
</testsuite> <!-- Day_020_Multiple_Windows.TC01_Open_Three_Tabs -->
