<?xml version="1.0" encoding="UTF-8"?>
<!-- Generated by org.testng.reporters.JUnitReportReporter -->
<testsuite hostname="DESKTOP-DC3TDDU" failures="0" tests="1" name="Day_023_File_Upload_Download.TC03_FileUpload" time="50.869" errors="0" timestamp="2021-08-24T09:47:57 IST" skipped="0">
  <testcase classname="Day_023_File_Upload_Download.TC03_FileUpload" name="File_upload" time="50.869"/>
  <system-out/>
</testsuite> <!-- Day_023_File_Upload_Download.TC03_FileUpload -->
