<?xml version="1.0" encoding="UTF-8"?>
<!-- Generated by org.testng.reporters.JUnitReportReporter -->
<testsuite hostname="DESKTOP-DC3TDDU" failures="0" tests="1" name="Day_019_Frames.Switch_Frame_By_WebElement" time="7.134" errors="0" timestamp="2021-08-21T09:16:58 IST" skipped="0">
  <testcase classname="Day_019_Frames.Switch_Frame_By_WebElement" name="Login_Test" time="7.134"/>
  <system-out/>
</testsuite> <!-- Day_019_Frames.Switch_Frame_By_WebElement -->
