<?xml version="1.0" encoding="UTF-8"?>
<!-- Generated by org.testng.reporters.JUnitReportReporter -->
<testsuite hostname="DESKTOP-DC3TDDU" failures="0" tests="1" name="Day_43_Smart_Search.TC014_Startswith" time="6.386" errors="0" timestamp="2021-09-03T09:27:31 IST" skipped="0">
  <testcase classname="Day_43_Smart_Search.TC014_Startswith" name="Test1" time="6.386"/>
  <system-out/>
</testsuite> <!-- Day_43_Smart_Search.TC014_Startswith -->
