<?xml version="1.0" encoding="UTF-8"?>
<!-- Generated by org.testng.reporters.JUnitReportReporter -->
<testsuite hostname="DESKTOP-DC3TDDU" failures="0" tests="1" name="Day_026_TakeScreenShot.Test4" time="10.676" errors="0" timestamp="2021-08-17T09:48:16 IST" skipped="0">
  <testcase classname="Day_026_TakeScreenShot.Test4" name="AddNationalitiess" time="10.676"/>
  <system-out/>
</testsuite> <!-- Day_026_TakeScreenShot.Test4 -->
