<?xml version="1.0" encoding="UTF-8"?>
<!-- Generated by org.testng.reporters.JUnitReportReporter -->
<testsuite hostname="DESKTOP-DC3TDDU" failures="0" tests="1" name="Day044_Return_Values.TC001_Return_Single_Value" time="0.009" errors="0" timestamp="2021-08-31T09:14:11 IST" skipped="0">
  <testcase classname="Day044_Return_Values.TC001_Return_Single_Value" name="Test5" time="0.009"/>
  <system-out/>
</testsuite> <!-- Day044_Return_Values.TC001_Return_Single_Value -->
