<?xml version="1.0" encoding="UTF-8"?>
<!-- Generated by org.testng.reporters.JUnitReportReporter -->
<testsuite hostname="DESKTOP-DC3TDDU" failures="0" tests="1" name="Day_021_Java_Script_Executer.TC01_JavaSE_ScrollByVisibleElement" time="6.341" errors="0" timestamp="2021-08-23T09:19:55 IST" skipped="0">
  <testcase classname="Day_021_Java_Script_Executer.TC01_JavaSE_ScrollByVisibleElement" name="Login" time="6.341"/>
  <system-out/>
</testsuite> <!-- Day_021_Java_Script_Executer.TC01_JavaSE_ScrollByVisibleElement -->
