<?xml version="1.0" encoding="UTF-8"?>
<!-- Generated by org.testng.reporters.JUnitReportReporter -->
<testsuite hostname="DESKTOP-DC3TDDU" failures="0" tests="1" name="Day_022_Action_class.TC01_Mouse_Hover_Action" time="15.549" errors="0" timestamp="2021-08-23T09:32:52 IST" skipped="0">
  <testcase classname="Day_022_Action_class.TC01_Mouse_Hover_Action" name="Login_Test" time="15.549"/>
  <system-out/>
</testsuite> <!-- Day_022_Action_class.TC01_Mouse_Hover_Action -->
