<?xml version="1.0" encoding="UTF-8"?>
<!-- Generated by org.testng.reporters.JUnitReportReporter -->
<testsuite hostname="DESKTOP-DC3TDDU" failures="0" tests="1" name="Day_017_Multiple_Suites.OrangeHRMTest" time="9.286" errors="0" timestamp="2021-08-18T09:37:00 IST" skipped="0">
  <testcase classname="Day_017_Multiple_Suites.OrangeHRMTest" name="Open_OrangeHRM" time="9.286"/>
  <system-out/>
</testsuite> <!-- Day_017_Multiple_Suites.OrangeHRMTest -->
