<?xml version="1.0" encoding="UTF-8"?>
<!-- Generated by org.testng.reporters.JUnitReportReporter -->
<testsuite hostname="DESKTOP-DC3TDDU" failures="0" tests="1" name="Day_021_Java_Script_Executer.TC02_Send_Keys" time="16.142" errors="0" timestamp="2021-08-23T09:24:56 IST" skipped="0">
  <testcase classname="Day_021_Java_Script_Executer.TC02_Send_Keys" name="Login" time="16.142"/>
  <system-out/>
</testsuite> <!-- Day_021_Java_Script_Executer.TC02_Send_Keys -->
