<?xml version="1.0" encoding="UTF-8"?>
<!-- Generated by org.testng.reporters.JUnitReportReporter -->
<testsuite hostname="DESKTOP-DC3TDDU" failures="0" tests="1" name="Day_022_Action_class.TC04_Drag_And_Drop" time="11.757" errors="0" timestamp="2021-08-23T09:44:35 IST" skipped="0">
  <testcase classname="Day_022_Action_class.TC04_Drag_And_Drop" name="Login_Test" time="11.757"/>
  <system-out/>
</testsuite> <!-- Day_022_Action_class.TC04_Drag_And_Drop -->
