<?xml version="1.0" encoding="UTF-8"?>
<!-- Generated by org.testng.reporters.JUnitReportReporter -->
<testsuite hostname="DESKTOP-DC3TDDU" failures="0" tests="1" name="Day_025_ExcelUtil_Apache_POI.TC04_Excel_Test_xlsx" time="1.089" errors="0" timestamp="2021-08-27T09:11:47 IST" skipped="0">
  <testcase classname="Day_025_ExcelUtil_Apache_POI.TC04_Excel_Test_xlsx" name="hello" time="1.089"/>
  <system-out/>
</testsuite> <!-- Day_025_ExcelUtil_Apache_POI.TC04_Excel_Test_xlsx -->
