<?xml version="1.0" encoding="UTF-8"?>
<!-- Generated by org.testng.reporters.JUnitReportReporter -->
<testsuite hostname="DESKTOP-DC3TDDU" failures="0" tests="1" name="Day_032_TestNG_Groups.AllTests" time="6.358" errors="0" timestamp="2021-09-02T09:20:18 IST" skipped="0">
  <testcase classname="Day_032_TestNG_Groups.AllTests" name="OrangeHRM" time="6.358"/>
  <system-out/>
</testsuite> <!-- Day_032_TestNG_Groups.AllTests -->
