<?xml version="1.0" encoding="UTF-8"?>
<!-- Generated by org.testng.reporters.JUnitReportReporter -->
<testsuite hostname="DESKTOP-DC3TDDU" failures="0" tests="1" name="Reporter_Example_Word.TC01_Test" time="35.392" errors="0" timestamp="2021-09-04T09:46:39 IST" skipped="0">
  <testcase classname="Reporter_Example_Word.TC01_Test" name="Test1" time="35.392"/>
  <system-out/>
</testsuite> <!-- Reporter_Example_Word.TC01_Test -->
