<?xml version="1.0" encoding="UTF-8"?>
<!-- Generated by org.testng.reporters.JUnitReportReporter -->
<testsuite hostname="DESKTOP-DC3TDDU" failures="0" tests="1" name="Day044_Return_Values.TC005_Return_Multiple_Values_HashMap" time="0.010" errors="0" timestamp="2021-08-31T09:34:30 IST" skipped="0">
  <testcase classname="Day044_Return_Values.TC005_Return_Multiple_Values_HashMap" name="Test1" time="0.010"/>
  <system-out/>
</testsuite> <!-- Day044_Return_Values.TC005_Return_Multiple_Values_HashMap -->
