<?xml version="1.0" encoding="UTF-8"?>
<!-- Generated by org.testng.reporters.JUnitReportReporter -->
<testsuite hostname="DESKTOP-DC3TDDU" failures="0" tests="1" name="Day044_Return_Values.TC003_Return_Set" time="0.008" errors="0" timestamp="2021-08-31T09:40:29 IST" skipped="0">
  <testcase classname="Day044_Return_Values.TC003_Return_Set" name="Test1" time="0.008"/>
  <system-out/>
</testsuite> <!-- Day044_Return_Values.TC003_Return_Set -->
