<?xml version="1.0" encoding="UTF-8"?>
<!-- Generated by org.testng.reporters.JUnitReportReporter -->
<testsuite hostname="DESKTOP-DC3TDDU" failures="0" tests="6" name="Day_017_Priorities_Test.Test6" time="0.014" errors="0" timestamp="2021-08-24T10:07:00 IST" skipped="0">
  <testcase classname="Day_017_Priorities_Test.Test6" name="Test2" time="0.008"/>
  <system-out/>
  <testcase classname="Day_017_Priorities_Test.Test6" name="Test6" time="0.001"/>
  <system-out/>
  <testcase classname="Day_017_Priorities_Test.Test6" name="Test5" time="0.001"/>
  <system-out/>
  <testcase classname="Day_017_Priorities_Test.Test6" name="Test100" time="0.001"/>
  <system-out/>
  <testcase classname="Day_017_Priorities_Test.Test6" name="Test3" time="0.002"/>
  <system-out/>
  <testcase classname="Day_017_Priorities_Test.Test6" name="Test4" time="0.001"/>
  <system-out/>
</testsuite> <!-- Day_017_Priorities_Test.Test6 -->
