<?xml version="1.0" encoding="UTF-8"?>
<!-- Generated by org.testng.reporters.JUnitReportReporter -->
<testsuite hostname="DESKTOP-DC3TDDU" failures="0" tests="1" name="Day_031_FailedTestCases.OrangeHRMTest" time="7.063" errors="0" timestamp="2021-09-02T09:14:47 IST" skipped="0">
  <testcase classname="Day_031_FailedTestCases.OrangeHRMTest" name="Open_OrangeHRM" time="7.063"/>
  <system-out/>
</testsuite> <!-- Day_031_FailedTestCases.OrangeHRMTest -->
