<?xml version="1.0" encoding="UTF-8"?>
<!-- Generated by org.testng.reporters.JUnitReportReporter -->
<testsuite hostname="DESKTOP-DC3TDDU" failures="0" tests="1" name="Day_40_Key_Word_Driven1.TC01_Nationality" time="38.479" errors="0" timestamp="2021-09-04T09:40:19 IST" skipped="0">
  <testcase classname="Day_40_Key_Word_Driven1.TC01_Nationality" name="TC01_Test" time="38.479"/>
  <system-out>
    <![CDATA[Open Browser
Login method Invoked
Close Browser]]>
  </system-out>
</testsuite> <!-- Day_40_Key_Word_Driven1.TC01_Nationality -->
