<?xml version="1.0" encoding="UTF-8"?>
<!-- Generated by org.testng.reporters.JUnitReportReporter -->
<testsuite hostname="DESKTOP-DC3TDDU" failures="0" tests="1" name="Day_022_Action_class.TC02_Double_Click" time="11.779" errors="0" timestamp="2021-08-23T09:35:52 IST" skipped="0">
  <testcase classname="Day_022_Action_class.TC02_Double_Click" name="Login_Test" time="11.779"/>
  <system-out/>
</testsuite> <!-- Day_022_Action_class.TC02_Double_Click -->
