<?xml version="1.0" encoding="UTF-8"?>
<!-- Generated by org.testng.reporters.JUnitReportReporter -->
<testsuite hostname="DESKTOP-DC3TDDU" failures="0" tests="1" name="Day_39_Date_Time_Picker.Date_Picker" time="16.683" errors="0" timestamp="2021-09-03T09:06:58 IST" skipped="0">
  <testcase classname="Day_39_Date_Time_Picker.Date_Picker" name="Test2" time="16.683"/>
  <system-out/>
</testsuite> <!-- Day_39_Date_Time_Picker.Date_Picker -->
