<?xml version="1.0" encoding="UTF-8"?>
<!-- Generated by org.testng.reporters.JUnitReportReporter -->
<testsuite hostname="DESKTOP-DC3TDDU" failures="0" tests="1" name="Day_031_FailedTestCases.MercuryTest" time="8.293" errors="0" timestamp="2021-09-02T09:12:19 IST" skipped="0">
  <testcase classname="Day_031_FailedTestCases.MercuryTest" name="Open_Mercury" time="8.293"/>
  <system-out/>
</testsuite> <!-- Day_031_FailedTestCases.MercuryTest -->
