<?xml version="1.0" encoding="UTF-8"?>
<!-- Generated by org.testng.reporters.JUnitReportReporter -->
<testsuite hostname="DESKTOP-DC3TDDU" failures="0" tests="1" name="Day_033_TestNG_Annotations.AllTests" time="0.009" errors="0" timestamp="2021-09-02T09:25:33 IST" skipped="0">
  <testcase classname="Day_033_TestNG_Annotations.AllTests" name="Test4" time="0.009"/>
  <system-out/>
</testsuite> <!-- Day_033_TestNG_Annotations.AllTests -->
