<?xml version="1.0" encoding="UTF-8"?>
<!-- Generated by org.testng.reporters.JUnitReportReporter -->
<testsuite hostname="DESKTOP-DC3TDDU" failures="0" tests="1" name="Day_025_ExcelUtil_Apache_POI.TC03_Excel_Test_xls" time="0.543" errors="0" timestamp="2021-08-27T09:14:08 IST" skipped="0">
  <testcase classname="Day_025_ExcelUtil_Apache_POI.TC03_Excel_Test_xls" name="hello" time="0.543"/>
  <system-out/>
</testsuite> <!-- Day_025_ExcelUtil_Apache_POI.TC03_Excel_Test_xls -->
