<?xml version="1.0" encoding="UTF-8"?>
<!-- Generated by org.testng.reporters.JUnitReportReporter -->
<testsuite hostname="DESKTOP-DC3TDDU" failures="0" tests="1" name="Day_027_Alerts.DemoWebAlert" time="9.386" errors="0" timestamp="2021-08-23T09:53:18 IST" skipped="0">
  <testcase classname="Day_027_Alerts.DemoWebAlert" name="Test6" time="9.386"/>
  <system-out/>
</testsuite> <!-- Day_027_Alerts.DemoWebAlert -->
