<?xml version="1.0" encoding="UTF-8"?>
<!-- Generated by org.testng.reporters.JUnitReportReporter -->
<testsuite hostname="DESKTOP-DC3TDDU" failures="0" tests="1" name="Day_016_ParallelClasses.OrangeHRMTest" time="9.950" errors="0" timestamp="2021-08-18T09:08:08 IST" skipped="0">
  <testcase classname="Day_016_ParallelClasses.OrangeHRMTest" name="Open_OrangeHRM" time="9.950"/>
  <system-out/>
</testsuite> <!-- Day_016_ParallelClasses.OrangeHRMTest -->
