<?xml version="1.0" encoding="UTF-8"?>
<!-- Generated by org.testng.reporters.JUnitReportReporter -->
<testsuite hostname="DESKTOP-DC3TDDU" failures="0" tests="1" name="Day_027_Alerts.AlertDemo" time="15.027" errors="0" timestamp="2021-08-23T09:50:53 IST" skipped="0">
  <testcase classname="Day_027_Alerts.AlertDemo" name="testWebAlert" time="15.027"/>
  <system-out/>
</testsuite> <!-- Day_027_Alerts.AlertDemo -->
