<?xml version="1.0" encoding="UTF-8"?>
<!-- Generated by org.testng.reporters.JUnitReportReporter -->
<testsuite hostname="DESKTOP-DC3TDDU" failures="0" tests="1" name="Day_008_Emailable_Report.TestExample1" time="24.030" errors="0" timestamp="2021-08-14T10:19:52 IST" skipped="0">
  <testcase classname="Day_008_Emailable_Report.TestExample1" name="Test2" time="24.030"/>
  <system-out>
    <![CDATA[Pass- open Orangehrm1
Pass- Enter User Name1
Pass- Enter Password1
Pass- Click on Signin1]]>
  </system-out>
</testsuite> <!-- Day_008_Emailable_Report.TestExample1 -->
