<?xml version="1.0" encoding="UTF-8"?>
<!-- Generated by org.testng.reporters.JUnitReportReporter -->
<testsuite hostname="DESKTOP-DC3TDDU" failures="0" tests="1" name="Day_025_ExcelUtil_Apache_POI.TC01_Excel_Test_xls" time="9.938" errors="0" timestamp="2021-08-26T09:53:45 IST" skipped="0">
  <testcase classname="Day_025_ExcelUtil_Apache_POI.TC01_Excel_Test_xls" name="hello" time="9.938"/>
  <system-out/>
</testsuite> <!-- Day_025_ExcelUtil_Apache_POI.TC01_Excel_Test_xls -->
