<?xml version="1.0" encoding="UTF-8"?>
<!-- Generated by org.testng.reporters.JUnitReportReporter -->
<testsuite hostname="DESKTOP-DC3TDDU" failures="0" tests="1" name="Day_029_PageObjectModel.TC01_Add_Nationalities" time="10.002" errors="0" timestamp="2021-08-30T09:28:53 IST" skipped="0">
  <testcase classname="Day_029_PageObjectModel.TC01_Add_Nationalities" name="Book_OneWay_Flight" time="10.002"/>
  <system-out/>
</testsuite> <!-- Day_029_PageObjectModel.TC01_Add_Nationalities -->
